C51 COMPILER V9.59.0.0   GPIO                                                              03/19/2019 13:39:23 PAGE 1   


C51 COMPILER V9.59.0.0, COMPILATION OF MODULE GPIO
OBJECT MODULE PLACED IN .\Output\GPIO.obj
COMPILER INVOKED BY: C:\Keil_v5\C51\BIN\C51.EXE Code\GPIO.C OPTIMIZE(8,SPEED) BROWSE INCDIR(..\..\Include) DEFINE(FOSC_1
                    -60000) DEBUG OBJECTEXTEND PRINT(.\LST\GPIO.lst) OBJECT(.\Output\GPIO.obj)

line level    source

   1          #include "N76E003.h"
   2          #include "SFR_Macro.h"
   3          #include "Function_define.h"
   4          #include "Common.h"
   5          #include "Delay.h"
   6          
   7          #define TH0_INIT        0xFC //5.0ms@XTAL=12MHz, Period = (10.85/2) ms@XTAL=22.1184MHz
   8          #define TL0_INIT        0x0F
   9          #define TH1_INIT        0xE0 //2.5ms@XTAL=12MHz, Period = (5.425/2) ms@XTAL=22.1184MHz
  10          #define TL1_INIT        0x00
  11          int count=0;
  12          
  13          void Initial_Timer0(void)
  14          {
  15   1              TIMER0_MODE0_ENABLE;                        //Timer 0 mode configuration
  16   1              clr_T0M;
  17   1              TH0 = TH0_INIT;
  18   1              TL0 = TL0_INIT;
  19   1              set_ET0;                                    //enable Timer0 interrupt
  20   1              set_TR0;                                    //Timer0 run
  21   1      }
  22          
  23          void Timer0_ISR (void) interrupt 1          //interrupt address is 0x000B
  24          {
  25   1              TH0 = TH0_INIT;
  26   1              TL0 = TL0_INIT;    
  27   1      
  28   1              if(count>10000)
  29   1              {
  30   2                      P12 = ~P12;                                                                                                                     // GPIO toggle when interrupt
  31   2                      count=0;
  32   2              }
  33   1              count++;
  34   1      }
  35          
  36          void main (void) 
  37          {                                                                                                               
  38   1              P07_Input_Mode;
  39   1              P12_PushPull_Mode;
  40   1              P06_PushPull_Mode;
  41   1              
  42   1              TMOD = 0XFF;
  43   1              Initial_Timer0();
  44   1              set_EA;                                     //enable interrupts
  45   1      
  46   1              while(1);
  47   1      }


MODULE INFORMATION:   STATIC OVERLAYABLE
   CODE SIZE        =     89    ----
   CONSTANT SIZE    =   ----    ----
   XDATA SIZE       =   ----    ----
   PDATA SIZE       =   ----    ----
C51 COMPILER V9.59.0.0   GPIO                                                              03/19/2019 13:39:23 PAGE 2   

   DATA SIZE        =      2    ----
   IDATA SIZE       =   ----    ----
   BIT SIZE         =   ----    ----
END OF MODULE INFORMATION.


C51 COMPILATION COMPLETE.  0 WARNING(S),  0 ERROR(S)
