C51 COMPILER V9.59.0.0   WKT_INT                                                           01/22/2019 15:57:30 PAGE 1   


C51 COMPILER V9.59.0.0, COMPILATION OF MODULE WKT_INT
OBJECT MODULE PLACED IN .\Output\WKT_INT.obj
COMPILER INVOKED BY: C:\Keil_v5\C51\BIN\C51.EXE Code\WKT_INT.c OPTIMIZE(8,SPEED) BROWSE INCDIR(..\..\Include;..\..\Commo
                    -n) DEFINE(FOSC_160000) DEBUG OBJECTEXTEND PRINT(.\LST\WKT_INT.lst) OBJECT(.\Output\WKT_INT.obj)

line level    source

   1          #include "N76E003.h"
   2          #include "Common.h"
   3          #include "Delay.h"
   4          #include "SFR_Macro.h"
   5          #include "Function_define.h"
   6          
   7          int flag=0;
   8          
   9          void Interrupt_ISR (void)   interrupt 0
  10          {
  11   1              flag=1;
  12   1      }
  13          
  14          void main (void)
  15          {
  16   1              int i=0;
  17   1        P12_PushPull_Mode;
  18   1      
  19   1              set_EPI;                                                        // Enable pin interrupt
  20   1              set_EX0;              // Enable interrupt0 & low level trig
  21   1        set_EA;               // global enable bit
  22   1              
  23   1              while(1)
  24   1              {
  25   2                      if(flag)
  26   2                      {
  27   3                              for(i=0;i<10;i++)
  28   3                              {
  29   4                                      clr_GPIO1;
  30   4                                      Timer0_Delay1ms(100);
  31   4                                      set_GPIO1;
  32   4                                      Timer0_Delay1ms(100);
  33   4                              }
  34   3                              flag=0;
  35   3                      }
  36   2              }
  37   1      }
  38          


MODULE INFORMATION:   STATIC OVERLAYABLE
   CODE SIZE        =     88    ----
   CONSTANT SIZE    =   ----    ----
   XDATA SIZE       =   ----    ----
   PDATA SIZE       =   ----    ----
   DATA SIZE        =      2       2
   IDATA SIZE       =   ----    ----
   BIT SIZE         =   ----    ----
END OF MODULE INFORMATION.


C51 COMPILATION COMPLETE.  0 WARNING(S),  0 ERROR(S)
