C51 COMPILER V9.59.0.0   GPIO                                                              12/17/2018 14:59:54 PAGE 1   


C51 COMPILER V9.59.0.0, COMPILATION OF MODULE GPIO
OBJECT MODULE PLACED IN .\Output\GPIO.obj
COMPILER INVOKED BY: C:\Keil_v5\C51\BIN\C51.EXE Code\GPIO.C OPTIMIZE(8,SPEED) BROWSE INCDIR(..\..\Include) DEFINE(FOSC_1
                    -60000) DEBUG OBJECTEXTEND PRINT(.\LST\GPIO.lst) OBJECT(.\Output\GPIO.obj)

line level    source

   1          #include "N76E003.h"
   2          #include "SFR_Macro.h"
   3          #include "Function_define.h"
   4          #include "Common.h"
   5          #include "Delay.h"
   6          
   7          void main (void) 
   8          {                                                                                                               
   9   1              P11_Input_Mode;
  10   1              P12_PushPull_Mode;
  11   1              P13_PushPull_Mode;
  12   1              P14_PushPull_Mode;
  13   1              P13=1;
  14   1              P14=0;
  15   1              while(1)
  16   1              {
  17   2                      P12=1;
  18   2                      Timer0_Delay1ms(300);
  19   2                      P12=0;
  20   2                      Timer0_Delay1ms(300);\
  21   1              }
  22   1      }


MODULE INFORMATION:   STATIC OVERLAYABLE
   CODE SIZE        =     56    ----
   CONSTANT SIZE    =   ----    ----
   XDATA SIZE       =   ----    ----
   PDATA SIZE       =   ----    ----
   DATA SIZE        =   ----    ----
   IDATA SIZE       =   ----    ----
   BIT SIZE         =   ----    ----
END OF MODULE INFORMATION.


C51 COMPILATION COMPLETE.  0 WARNING(S),  0 ERROR(S)
